AEGIS - VULNERABILITY SCANNING ENGINE

***********************************************************************************************************
Starting scan with ID: 23, target ip address: 192.168.233.150
Number of plugins:  1 

Running script <module 'cwe89_plugin' from '/home/kali/FYP/group-6-fyp-aegis/Engine/plugins_utils/../functional_plugins/web_app/cwe89_plugin.py'>

Length of the web-app plugins responses 1
Length of the file-sys plugins responses 0 

***********************************************************************************************************
Summary of the scan:
This machine is vulnerable to CWE89.
***********************************************************************************************************

SCAN INFORMATION:
Start_time: Thu, 17 Aug 2023 15:36:56 GMT
End_time: Thu, 17 Aug 2023 15:37:03 GMT
Host IP: 192.168.233.150
Average Risk Score: 71.0

Overall of vulnerabilities detected
	Low vulnerabilities: 0
	Medium vulnerabilities: 0
	High vulnerabilities: 1

*************************************************************************
VULNERABILITY SUMMARY
1. CWE89 - Improper Neutralization of Special Elements used in an SQL Command
Description: 
The product constructs all or part of an SQL command using externally-influenced input from an upstream component, but it does not neutralize or incorrectly neutralizes special elements that could modify the intended SQL command when it is sent to a downstream component.

Location: port/80
CWSS: 71.1
Solution: 
Using prepared statements and white-list SQL quries that can be performed on the database.

Count: 1


 AREA DETECTED:
 		1. PATH: http://192.168.233.150/dvwa/login.php With KEYWORD: <pre>ID: ' OR '1'='1' -- <br />First name: admin<br />Surname: admin</pre><pre>ID: ' OR '1'='1' -- <br />First name: Gordon<br />Surname: Brown</pre><pre>ID: ' OR '1'='1' -- <br />First name: Hack<br />Surname: Me</pre><pre>ID: ' OR '1'='1' -- <br />First name: Pablo<br />Surname: Picasso</pre><pre>ID: ' OR '1'='1' -- <br />First name: Bob<br />Surname: Smith</pre>

#######################################################################################################################################

Done scanning
