AEGIS - VULNERABILITY SCANNING ENGINE

***********************************************************************************************************
Starting scan with ID: 28, target ip address: 127.0.0.1
Number of plugins:  6 

Running script <module 'cwe359_plugin' from '/home/kali/Downloads/aegis/group-6-fyp-aegis-main/Engine/plugins_utils/../functional_plugins/web_app/cwe359_plugin.py'>
Running script <module 'cwe261_plugin' from '/home/kali/Downloads/aegis/group-6-fyp-aegis-main/Engine/plugins_utils/../functional_plugins/web_app/cwe261_plugin.py'>
[CWE261] user_token not found on DVWA login page at http://127.0.0.1/dvwa/login.php
[PLUGIN_INIT] cwe261_plugin returned no results, skipping
Running script <module 'cwe89_plugin' from '/home/kali/Downloads/aegis/group-6-fyp-aegis-main/Engine/plugins_utils/../functional_plugins/web_app/cwe89_plugin.py'>
[CWE89] user_token not found on DVWA login page
[PLUGIN_INIT] cwe89_plugin returned no results, skipping
Running script <module 'cwe521_plugin' from '/home/kali/Downloads/aegis/group-6-fyp-aegis-main/Engine/plugins_utils/../functional_plugins/file_sys/cwe521_plugin.py'>
Running script <module 'cwe260_plugin' from '/home/kali/Downloads/aegis/group-6-fyp-aegis-main/Engine/plugins_utils/../functional_plugins/file_sys/cwe260_plugin.py'>
Running script <module 'cwe312_plugin' from '/home/kali/Downloads/aegis/group-6-fyp-aegis-main/Engine/plugins_utils/../functional_plugins/file_sys/cwe312_plugin.py'>

Length of the web-app plugins responses 1
Length of the file-sys plugins responses 25 

***********************************************************************************************************
Summary of the scan:
This machine is not vulnerable to CWE359.
This machine is not vulnerable to CWE261.
This machine is not vulnerable to CWE89.
This machine is vulnerable to CWE521.
This machine is vulnerable to CWE260.
This machine is vulnerable to CWE312.
***********************************************************************************************************

SCAN INFORMATION:
Start_time: Wed, 07 Jan 2026 06:12:38 GMT
End_time: Wed, 07 Jan 2026 06:13:17 GMT
Host IP: 127.0.0.1
Average Risk Score: 29.5

Overall of vulnerabilities detected
	Low vulnerabilities: 0
	Medium vulnerabilities: 2
	High vulnerabilities: 1

*************************************************************************
VULNERABILITY SUMMARY
1. CWE521 - Weak Password Requirements
Description: 
The product does not require that users should have strong passwords, which makes it easier for attackers to compromise user accounts.

Location: port/22
CWSS: 84.1
Solution: 
Enforce password complexity requirements according to an appropriate password policy.

Count: 13


 AREA DETECTED:
 		1. PATH: /etc/sqlmap/sqlmap.conf With KEYWORD: guessme
		2. PATH: /etc/sqlmap/sqlmap.conf With KEYWORD: passw0rd
		3. PATH: /etc/legion.conf With KEYWORD: password
		4. PATH: /etc/redsocks.conf With KEYWORD: baz
		5. PATH: /etc/redsocks.conf With KEYWORD: pazzw0rd
		6. PATH: /etc/unicornscan/modules.conf With KEYWORD: scanit
		7. PATH: /etc/unicornscan/modules.conf With KEYWORD: scanit
		8. PATH: /etc/xrdp/xrdp.ini With KEYWORD: ask
		9. PATH: /etc/xrdp/xrdp.ini With KEYWORD: ask
		10. PATH: /etc/xrdp/xrdp.ini With KEYWORD: ask
		11. PATH: /etc/xrdp/xrdp.ini With KEYWORD: asksame
		12. PATH: /etc/xrdp/xrdp.ini With KEYWORD: ask
		13. PATH: /etc/xrdp/xrdp.ini With KEYWORD: ask

#######################################################################################################################################

2. CWE260 - Password in Configuration File
Description: 
The product stores a password in a configuration file that might be accessible to actors who do not know the password.

Location: port/22
CWSS: 51.1
Solution: 
Avoid storing passwords in easily accessed locations and|or use a cryptographic hash to replace the passwords when storing the password.

Count: 5


 AREA DETECTED:
 		1. PATH: /etc/sqlmap/sqlmap.conf With KEYWORD: guessme, passw0rd
		2. PATH: /etc/legion.conf With KEYWORD: password
		3. PATH: /etc/redsocks.conf With KEYWORD: baz, pazzw0rd
		4. PATH: /etc/unicornscan/modules.conf With KEYWORD: scanit, scanit
		5. PATH: /etc/xrdp/xrdp.ini With KEYWORD: ask, ask, ask, asksame, ask, ask

#######################################################################################################################################

3. CWE312 - Cleartext Storage of Sensitive Information
Description: 
The product stores sensitive information in cleartext within a resource that might be accessible to another control sphere.

Location: port/22
CWSS: 42.6
Solution: 
Modify application source code that will implement forms of control for sensitive information such as encryption or hashing mechanisms or algorithms to protect sensitive information stored in files.

Count: 7


 AREA DETECTED:
 		1. PATH: /etc/sqlmap/sqlmap.conf With KEYWORD: guessme, passw0rd
		2. PATH: /etc/responder/Responder.conf With KEYWORD: On
		3. PATH: /etc/legion.conf With KEYWORD: password
		4. PATH: /etc/redsocks.conf With KEYWORD: baz, pazzw0rd
		5. PATH: /etc/unicornscan/modules.conf With KEYWORD: scanit, scanit
		6. PATH: /etc/xrdp/xrdp.ini With KEYWORD: ask, ask, ask, asksame, ask, ask
		7. PATH: /etc/xrdp/xrdp.ini With KEYWORD: true

#######################################################################################################################################

Done scanning
