AEGIS - VULNERABILITY SCANNING ENGINE

***********************************************************************************************************
Starting scan with ID: 10, target ip address: 192.168.233.150
Number of plugins:  3 

Running script <module 'cwe359_plugin' from '/home/kali/FYP/group-6-fyp-aegis/Engine/plugins_utils/../functional_plugins/web_app/cwe359_plugin.py'>
Running script <module 'cwe261_plugin' from '/home/kali/FYP/group-6-fyp-aegis/Engine/plugins_utils/../functional_plugins/web_app/cwe261_plugin.py'>
Running script <module 'cwe89_plugin' from '/home/kali/FYP/group-6-fyp-aegis/Engine/plugins_utils/../functional_plugins/web_app/cwe89_plugin.py'>

Length of the web-app plugins responses 5
Length of the file-sys plugins responses 0 

***********************************************************************************************************
Summary of the scan:
This machine is vulnerable to CWE359.
This machine is not vulnerable to CWE261.
This machine is vulnerable to CWE89.
***********************************************************************************************************

SCAN INFORMATION:
Start_time: Sat, 05 Aug 2023 19:52:47 GMT
End_time: Sat, 05 Aug 2023 19:52:54 GMT
Host IP: 192.168.233.150
Average Risk Score: 44.3

Overall of vulnerabilities detected
	Low vulnerabilities: 0
	Medium vulnerabilities: 1
	High vulnerabilities: 1

*************************************************************************
VULNERABILITY SUMMARY
1. CWE89 - Improper Neutralization of Special Elements used in an SQL Command
Description: 
The product constructs all or part of an SQL command using externally-influenced input from an upstream component, but it does not neutralize or incorrectly neutralizes special elements that could modify the intended SQL command when it is sent to a downstream component.

Location: port/80
CWSS: 71.1
Solution: 
Using prepared statements and white-list SQL quries that can be performed on the database.

Count: 1


 AREA DETECTED:
 		1. PATH: http://192.168.233.150/dvwa/login.php With KEYWORD: <pre>ID: ' OR '1'='1' -- <br />First name: admin<br />Surname: admin</pre><pre>ID: ' OR '1'='1' -- <br />First name: Gordon<br />Surname: Brown</pre><pre>ID: ' OR '1'='1' -- <br />First name: Hack<br />Surname: Me</pre><pre>ID: ' OR '1'='1' -- <br />First name: Pablo<br />Surname: Picasso</pre><pre>ID: ' OR '1'='1' -- <br />First name: Bob<br />Surname: Smith</pre>

#######################################################################################################################################

2. CWE359 - Exposure of Private Personal Information to an Unauthorized Actor
Description: 
The product does not properly prevent a person private, personal information from being accessed by actors who either 1 are not explicitly authorized to access the information or 2 do not have the implicit consent of the person about whom the information is collected.

Location: port/80
CWSS: 62.6
Solution: 
Modify application source code that will implement forms of control for sensitive information

Count: 1


 AREA DETECTED:
 		1. PATH: http://192.168.233.150/dvwa/login.php With KEYWORD: SSN

#######################################################################################################################################

Done scanning
