AEGIS - VULNERABILITY SCANNING ENGINE

***********************************************************************************************************
Starting scan with ID: 20, target ip address: 192.168.233.150
Number of plugins:  3 

Running script <module 'cwe260_plugin' from '/home/kali/FYP/group-6-fyp-aegis/Engine/plugins_utils/../functional_plugins/file_sys/cwe260_plugin.py'>
Running script <module 'cwe312_plugin' from '/home/kali/FYP/group-6-fyp-aegis/Engine/plugins_utils/../functional_plugins/file_sys/cwe312_plugin.py'>
Running script <module 'cwe521_plugin' from '/home/kali/FYP/group-6-fyp-aegis/Engine/plugins_utils/../functional_plugins/file_sys/cwe521_plugin.py'>

Length of the web-app plugins responses 0
Length of the file-sys plugins responses 18 

***********************************************************************************************************
Summary of the scan:
This machine is vulnerable to CWE260.
This machine is vulnerable to CWE312.
This machine is vulnerable to CWE521.
***********************************************************************************************************

SCAN INFORMATION:
Start_time: Wed, 16 Aug 2023 08:27:28 GMT
End_time: Wed, 16 Aug 2023 08:28:25 GMT
Host IP: 192.168.233.150
Average Risk Score: 59.0

Overall of vulnerabilities detected
	Low vulnerabilities: 0
	Medium vulnerabilities: 2
	High vulnerabilities: 1

*************************************************************************
VULNERABILITY SUMMARY
1. CWE521 - Weak Password Requirements
Description: 
The product does not require that users should have strong passwords, which makes it easier for attackers to compromise user accounts.

Location: port/22
CWSS: 84.1
Solution: 
Enforce password complexity requirements according to an appropriate password policy.

Count: 10


 AREA DETECTED:
 		1. PATH: /etc/xrdp/xrdp.ini With KEYWORD: ask
		2. PATH: /etc/xrdp/xrdp.ini With KEYWORD: ask
		3. PATH: /etc/xrdp/xrdp.ini With KEYWORD: ask
		4. PATH: /etc/xrdp/xrdp.ini With KEYWORD: asksame
		5. PATH: /etc/xrdp/xrdp.ini With KEYWORD: ask
		6. PATH: /etc/xrdp/xrdp.ini With KEYWORD: ask
		7. PATH: /etc/redsocks.conf With KEYWORD: baz
		8. PATH: /etc/redsocks.conf With KEYWORD: pazzw0rd
		9. PATH: /etc/sqlmap/sqlmap.conf With KEYWORD: guessme
		10. PATH: /etc/sqlmap/sqlmap.conf With KEYWORD: passw0rd

#######################################################################################################################################

2. CWE260 - Password in Configuration File
Description: 
The product stores a password in a configuration file that might be accessible to actors who do not know the password.

Location: port/22
CWSS: 51.1
Solution: 
Avoid storing passwords in easily accessed locations and|or use a cryptographic hash to replace the passwords when storing the password.

Count: 3


 AREA DETECTED:
 		1. PATH: /etc/xrdp/xrdp.ini With KEYWORD: ask, ask, ask, asksame, ask, ask
		2. PATH: /etc/redsocks.conf With KEYWORD: baz, pazzw0rd
		3. PATH: /etc/sqlmap/sqlmap.conf With KEYWORD: guessme, passw0rd

#######################################################################################################################################

3. CWE312 - Cleartext Storage of Sensitive Information
Description: 
The product stores sensitive information in cleartext within a resource that might be accessible to another control sphere.

Location: port/22
CWSS: 42.6
Solution: 
Modify application source code that will implement forms of control for sensitive information such as encryption or hashing mechanisms or algorithms to protect sensitive information stored in files.

Count: 5


 AREA DETECTED:
 		1. PATH: /etc/xrdp/xrdp.ini With KEYWORD: ask, ask, ask, asksame, ask, ask
		2. PATH: /etc/xrdp/xrdp.ini With KEYWORD: true
		3. PATH: /etc/redsocks.conf With KEYWORD: baz, pazzw0rd
		4. PATH: /etc/sqlmap/sqlmap.conf With KEYWORD: guessme, passw0rd
		5. PATH: /etc/responder/Responder.conf With KEYWORD: On

#######################################################################################################################################

Done scanning
